<?xml version="1.0" encoding="UTF-8"?>
<testng-results skipped="0" failed="0" ignored="0" total="1" passed="1">
  <reporter-output>
  </reporter-output>
  <suite name="Default suite" duration-ms="16192" started-at="2020-11-28T21:00:28Z" finished-at="2020-11-28T21:00:44Z">
    <groups>
    </groups>
    <test name="Default test" duration-ms="16192" started-at="2020-11-28T21:00:28Z" finished-at="2020-11-28T21:00:44Z">
      <class name="testcases.TC001veriyLogin">
        <test-method status="PASS" signature="setUp()[pri:0, instance:testcases.TC001veriyLogin@4501b7af]" name="setUp" is-config="true" duration-ms="10171" started-at="2020-11-28T16:00:28Z" finished-at="2020-11-28T16:00:38Z">
          <reporter-output>
          </reporter-output>
        </test-method> <!-- setUp -->
        <test-method status="PASS" signature="verifyLogin()[pri:0, instance:testcases.TC001veriyLogin@4501b7af]" name="verifyLogin" duration-ms="4302" started-at="2020-11-28T16:00:38Z" finished-at="2020-11-28T16:00:42Z">
          <reporter-output>
          </reporter-output>
        </test-method> <!-- verifyLogin -->
        <test-method status="PASS" signature="tearDown()[pri:0, instance:testcases.TC001veriyLogin@4501b7af]" name="tearDown" is-config="true" duration-ms="1670" started-at="2020-11-28T16:00:42Z" finished-at="2020-11-28T16:00:44Z">
          <reporter-output>
          </reporter-output>
        </test-method> <!-- tearDown -->
      </class> <!-- testcases.TC001veriyLogin -->
    </test> <!-- Default test -->
  </suite> <!-- Default suite -->
</testng-results>
